# JRE version: OpenJDK Runtime Environment AdoptOpenJDK (14.0.2+12) (build 14.0.2+12)
# Java VM: OpenJDK 64-Bit Server VM AdoptOpenJDK (14.0.2+12, mixed mode, sharing, tiered, compressed oops, g1 gc, windows-amd64)
Heap:
 garbage-first heap   total 135168K, used 58100K [0x0000000081a00000, 0x0000000100000000)
  region size 1024K, 24 young (24576K), 4 survivors (4096K)
 Metaspace       used 71563K, capacity 81791K, committed 82124K, reserved 1120256K
  class space    used 8378K, capacity 10401K, committed 10496K, reserved 1048576K
GC Heap History (20 events):
Event: 2464.958 GC heap before
{Heap before GC invocations=512 (full 39):
 garbage-first heap   total 135168K, used 111655K [0x0000000081a00000, 0x0000000100000000)
  region size 1024K, 75 young (76800K), 2 survivors (2048K)
 Metaspace       used 71126K, capacity 81010K, committed 81228K, reserved 1120256K
  class space    used 8336K, capacity 10341K, committed 10368K, reserved 1048576K
}
Event: 2464.965 GC heap after
{Heap after GC invocations=513 (full 39):
 garbage-first heap   total 135168K, used 39234K [0x0000000081a00000, 0x0000000100000000)
  region size 1024K, 4 young (4096K), 4 survivors (4096K)
 Metaspace       used 71126K, capacity 81010K, committed 81228K, reserved 1120256K
  class space    used 8336K, capacity 10341K, committed 10368K, reserved 1048576K
}
Event: 2469.252 GC heap before
{Heap before GC invocations=513 (full 39):
 garbage-first heap   total 135168K, used 110914K [0x0000000081a00000, 0x0000000100000000)
  region size 1024K, 75 young (76800K), 4 survivors (4096K)
 Metaspace       used 71223K, capacity 81166K, committed 81228K, reserved 1120256K
  class space    used 8342K, capacity 10349K, committed 10368K, reserved 1048576K
}
Event: 2469.257 GC heap after
{Heap after GC invocations=514 (full 39):
 garbage-first heap   total 135168K, used 39657K [0x0000000081a00000, 0x0000000100000000)
  region size 1024K, 4 young (4096K), 4 survivors (4096K)
 Metaspace       used 71223K, capacity 81166K, committed 81228K, reserved 1120256K
  class space    used 8342K, capacity 10349K, committed 10368K, reserved 1048576K
}
Event: 2473.293 GC heap before
{Heap before GC invocations=514 (full 39):
 garbage-first heap   total 135168K, used 111337K [0x0000000081a00000, 0x0000000100000000)
  region size 1024K, 75 young (76800K), 4 survivors (4096K)
 Metaspace       used 71273K, capacity 81258K, committed 81612K, reserved 1120256K
  class space    used 8347K, capacity 10357K, committed 10496K, reserved 1048576K
}
Event: 2473.299 GC heap after
{Heap after GC invocations=515 (full 39):
 garbage-first heap   total 135168K, used 39577K [0x0000000081a00000, 0x0000000100000000)
  region size 1024K, 4 young (4096K), 4 survivors (4096K)
 Metaspace       used 71273K, capacity 81258K, committed 81612K, reserved 1120256K
  class space    used 8347K, capacity 10357K, committed 10496K, reserved 1048576K
}
Event: 2477.707 GC heap before
{Heap before GC invocations=515 (full 39):
 garbage-first heap   total 135168K, used 110233K [0x0000000081a00000, 0x0000000100000000)
  region size 1024K, 74 young (75776K), 4 survivors (4096K)
 Metaspace       used 71306K, capacity 81336K, committed 81612K, reserved 1120256K
  class space    used 8350K, capacity 10363K, committed 10496K, reserved 1048576K
}
Event: 2477.711 GC heap after
{Heap after GC invocations=516 (full 39):
 garbage-first heap   total 135168K, used 38759K [0x0000000081a00000, 0x0000000100000000)
  region size 1024K, 3 young (3072K), 3 survivors (3072K)
 Metaspace       used 71306K, capacity 81336K, committed 81612K, reserved 1120256K
  class space    used 8350K, capacity 10363K, committed 10496K, reserved 1048576K
}
Event: 2478.496 GC heap before
{Heap before GC invocations=516 (full 39):
 garbage-first heap   total 135168K, used 111463K [0x0000000081a00000, 0x0000000100000000)
  region size 1024K, 75 young (76800K), 3 survivors (3072K)
 Metaspace       used 71322K, capacity 81350K, committed 81612K, reserved 1120256K
  class space    used 8353K, capacity 10365K, committed 10496K, reserved 1048576K
}
Event: 2478.502 GC heap after
{Heap after GC invocations=517 (full 39):
 garbage-first heap   total 135168K, used 39751K [0x0000000081a00000, 0x0000000100000000)
  region size 1024K, 4 young (4096K), 4 survivors (4096K)
 Metaspace       used 71322K, capacity 81350K, committed 81612K, reserved 1120256K
  class space    used 8353K, capacity 10365K, committed 10496K, reserved 1048576K
}
Event: 2481.418 GC heap before
{Heap before GC invocations=517 (full 39):
 garbage-first heap   total 135168K, used 111431K [0x0000000081a00000, 0x0000000100000000)
  region size 1024K, 75 young (76800K), 4 survivors (4096K)
 Metaspace       used 71371K, capacity 81442K, committed 81612K, reserved 1120256K
  class space    used 8359K, capacity 10373K, committed 10496K, reserved 1048576K
}
Event: 2481.423 GC heap after
{Heap after GC invocations=518 (full 39):
 garbage-first heap   total 135168K, used 39928K [0x0000000081a00000, 0x0000000100000000)
  region size 1024K, 4 young (4096K), 4 survivors (4096K)
 Metaspace       used 71371K, capacity 81442K, committed 81612K, reserved 1120256K
  class space    used 8359K, capacity 10373K, committed 10496K, reserved 1048576K
}
Event: 2485.571 GC heap before
{Heap before GC invocations=518 (full 39):
 garbage-first heap   total 135168K, used 110584K [0x0000000081a00000, 0x0000000100000000)
  region size 1024K, 74 young (75776K), 4 survivors (4096K)
 Metaspace       used 71425K, capacity 81534K, committed 81868K, reserved 1120256K
  class space    used 8364K, capacity 10381K, committed 10496K, reserved 1048576K
}
Event: 2485.576 GC heap after
{Heap after GC invocations=519 (full 39):
 garbage-first heap   total 135168K, used 40011K [0x0000000081a00000, 0x0000000100000000)
  region size 1024K, 4 young (4096K), 4 survivors (4096K)
 Metaspace       used 71425K, capacity 81534K, committed 81868K, reserved 1120256K
  class space    used 8364K, capacity 10381K, committed 10496K, reserved 1048576K
}
Event: 2489.286 GC heap before
{Heap before GC invocations=519 (full 39):
 garbage-first heap   total 135168K, used 110667K [0x0000000081a00000, 0x0000000100000000)
  region size 1024K, 74 young (75776K), 4 survivors (4096K)
 Metaspace       used 71465K, capacity 81613K, committed 81868K, reserved 1120256K
  class space    used 8368K, capacity 10387K, committed 10496K, reserved 1048576K
}
Event: 2489.290 GC heap after
{Heap after GC invocations=520 (full 39):
 garbage-first heap   total 135168K, used 39344K [0x0000000081a00000, 0x0000000100000000)
  region size 1024K, 3 young (3072K), 3 survivors (3072K)
 Metaspace       used 71465K, capacity 81613K, committed 81868K, reserved 1120256K
  class space    used 8368K, capacity 10387K, committed 10496K, reserved 1048576K
}
Event: 2491.064 GC heap before
{Heap before GC invocations=520 (full 39):
 garbage-first heap   total 135168K, used 111024K [0x0000000081a00000, 0x0000000100000000)
  region size 1024K, 74 young (75776K), 3 survivors (3072K)
 Metaspace       used 71511K, capacity 81699K, committed 81868K, reserved 1120256K
  class space    used 8373K, capacity 10393K, committed 10496K, reserved 1048576K
}
Event: 2491.067 GC heap after
{Heap after GC invocations=521 (full 39):
 garbage-first heap   total 135168K, used 37951K [0x0000000081a00000, 0x0000000100000000)
  region size 1024K, 2 young (2048K), 2 survivors (2048K)
 Metaspace       used 71511K, capacity 81699K, committed 81868K, reserved 1120256K
  class space    used 8373K, capacity 10393K, committed 10496K, reserved 1048576K
}
Event: 2494.391 GC heap before
{Heap before GC invocations=521 (full 39):
 garbage-first heap   total 135168K, used 112703K [0x0000000081a00000, 0x0000000100000000)
  region size 1024K, 76 young (77824K), 2 survivors (2048K)
 Metaspace       used 71529K, capacity 81719K, committed 81868K, reserved 1120256K
  class space    used 8376K, capacity 10397K, committed 10496K, reserved 1048576K
}
Event: 2494.396 GC heap after
{Heap after GC invocations=522 (full 39):
 garbage-first heap   total 135168K, used 39668K [0x0000000081a00000, 0x0000000100000000)
  region size 1024K, 4 young (4096K), 4 survivors (4096K)
 Metaspace       used 71529K, capacity 81719K, committed 81868K, reserved 1120256K
  class space    used 8376K, capacity 10397K, committed 10496K, reserved 1048576K
}

